#
# There is insufficient memory for the Java Runtime Environment to continue.
# Native memory allocation (mmap) failed to map 39845888 bytes for G1 virtual space
# Possible reasons:
#   The system is out of physical RAM or swap space
#   The process is running with CompressedOops enabled, and the Java Heap may be blocking the growth of the native heap
# Possible solutions:
#   Reduce memory load on the system
#   Increase physical memory or swap space
#   Check if swap backing store is full
#   Decrease Java heap size (-Xmx/-Xms)
#   Decrease number of Java threads
#   Decrease Java thread stack sizes (-Xss)
#   Set larger code cache with -XX:ReservedCodeCacheSize=
#   JVM is running with Zero Based Compressed Oops mode in which the Java heap is
#     placed in the first 32GB address space. The Java Heap base address is the
#     maximum limit for the native heap growth. Please use -XX:HeapBaseMinAddress
#     to set the Java Heap base and to place the Java Heap above 32GB virtual address.
# This output file may be truncated or incomplete.
#
#  Out of Memory Error (os_windows.cpp:3600), pid=16052, tid=16532
#
# JRE version: Java(TM) SE Runtime Environment (21.0.1+12) (build 21.0.1+12-LTS-29)
# Java VM: Java HotSpot(TM) 64-Bit Server VM (21.0.1+12-LTS-29, mixed mode, emulated-client, sharing, tiered, compressed oops, compressed class ptrs, g1 gc, windows-amd64)
# No core dump will be written. Minidumps are not enabled by default on client versions of Windows
#

---------------  S U M M A R Y ------------

Command Line: -Dstdout.encoding=UTF-8 -Dstderr.encoding=UTF-8 -XX:TieredStopAtLevel=1 com.example.santhuongmai.SanthuongmaiApplication

Host: Intel(R) Core(TM) i5-8250U CPU @ 1.60GHz, 8 cores, 11G,  Windows 11 , 64 bit Build 22621 (10.0.22621.3527)
Time: Sun Jun  2 13:14:22 2024 SE Asia Standard Time elapsed time: 17.817671 seconds (0d 0h 0m 17s)

---------------  T H R E A D  ---------------

Current thread (0x000001fe9ce91190):  VMThread "VM Thread"          [id=16532, stack(0x000000bfc7f00000,0x000000bfc8000000) (1024K)]

Stack: [0x000000bfc7f00000,0x000000bfc8000000]
Native frames: (J=compiled Java code, j=interpreted, Vv=VM code, C=native code)
V  [jvm.dll+0x6c9029]
V  [jvm.dll+0x854b81]
V  [jvm.dll+0x856e5e]
V  [jvm.dll+0x857543]
V  [jvm.dll+0x280c06]
V  [jvm.dll+0x6c5715]
V  [jvm.dll+0x6ba10a]
V  [jvm.dll+0x3557ea]
V  [jvm.dll+0x35d436]
V  [jvm.dll+0x3ae1be]
V  [jvm.dll+0x3ae468]
V  [jvm.dll+0x3291fc]
V  [jvm.dll+0x329287]
V  [jvm.dll+0x36db3c]
V  [jvm.dll+0x36c33d]
V  [jvm.dll+0x328971]
V  [jvm.dll+0x36ba4a]
V  [jvm.dll+0x85d048]
V  [jvm.dll+0x85e144]
V  [jvm.dll+0x85e680]
V  [jvm.dll+0x85e923]
V  [jvm.dll+0x7fd728]
V  [jvm.dll+0x6c777d]
C  [ucrtbase.dll+0x29333]
C  [KERNEL32.DLL+0x1257d]
C  [ntdll.dll+0x5aa48]

VM_Operation (0x000000bfca0fd730): G1CollectForAllocation, mode: safepoint, requested by thread 0x000001fee4cdab90


---------------  P R O C E S S  ---------------

Threads class SMR info:
_java_thread_list=0x000001fee4d7ceb0, length=34, elements={
0x000001fe8915d390, 0x000001fe9ceb0d80, 0x000001fe9ceb1ca0, 0x000001fe9ceb6c50,
0x000001fe9ceb8430, 0x000001fe9cec3300, 0x000001fe9cec3d60, 0x000001fe9cec47c0,
0x000001fee2134aa0, 0x000001fee21f6b40, 0x000001fee21fb9f0, 0x000001fee26a64c0,
0x000001fee2748ba0, 0x000001fee28092b0, 0x000001fee2a45c90, 0x000001fee417aa60,
0x000001fee46438b0, 0x000001fee4cda500, 0x000001fee4cdbf40, 0x000001fee4cdb8b0,
0x000001fee4cdc5d0, 0x000001fee4cdcc60, 0x000001fee4cd9e70, 0x000001fee4cd97e0,
0x000001fee4cdab90, 0x000001fee4cdb220, 0x000001fee5296a50, 0x000001fee5295010,
0x000001fee5299ed0, 0x000001fee52970e0, 0x000001fee529abf0, 0x000001fee52956a0,
0x000001fee5295d30, 0x000001fee5297770
}

Java Threads: ( => current thread )
  0x000001fe8915d390 JavaThread "main"                              [_thread_blocked, id=12896, stack(0x000000bfc7800000,0x000000bfc7900000) (1024K)]
  0x000001fe9ceb0d80 JavaThread "Reference Handler"          daemon [_thread_blocked, id=18048, stack(0x000000bfc8000000,0x000000bfc8100000) (1024K)]
  0x000001fe9ceb1ca0 JavaThread "Finalizer"                  daemon [_thread_blocked, id=3032, stack(0x000000bfc8100000,0x000000bfc8200000) (1024K)]
  0x000001fe9ceb6c50 JavaThread "Signal Dispatcher"          daemon [_thread_blocked, id=8716, stack(0x000000bfc8200000,0x000000bfc8300000) (1024K)]
  0x000001fe9ceb8430 JavaThread "Attach Listener"            daemon [_thread_blocked, id=18124, stack(0x000000bfc8300000,0x000000bfc8400000) (1024K)]
  0x000001fe9cec3300 JavaThread "Service Thread"             daemon [_thread_blocked, id=5312, stack(0x000000bfc8400000,0x000000bfc8500000) (1024K)]
  0x000001fe9cec3d60 JavaThread "Monitor Deflation Thread"   daemon [_thread_blocked, id=3564, stack(0x000000bfc8500000,0x000000bfc8600000) (1024K)]
  0x000001fe9cec47c0 JavaThread "C1 CompilerThread0"         daemon [_thread_blocked, id=9896, stack(0x000000bfc8600000,0x000000bfc8700000) (1024K)]
  0x000001fee2134aa0 JavaThread "C1 CompilerThread1"         daemon [_thread_blocked, id=17992, stack(0x000000bfc8700000,0x000000bfc8800000) (1024K)]
  0x000001fee21f6b40 JavaThread "Notification Thread"        daemon [_thread_blocked, id=4924, stack(0x000000bfc8800000,0x000000bfc8900000) (1024K)]
  0x000001fee21fb9f0 JavaThread "Common-Cleaner"             daemon [_thread_blocked, id=800, stack(0x000000bfc8900000,0x000000bfc8a00000) (1024K)]
  0x000001fee26a64c0 JavaThread "C1 CompilerThread2"         daemon [_thread_blocked, id=5432, stack(0x000000bfc8a00000,0x000000bfc8b00000) (1024K)]
  0x000001fee2748ba0 JavaThread "C1 CompilerThread3"         daemon [_thread_blocked, id=1348, stack(0x000000bfc8b00000,0x000000bfc8c00000) (1024K)]
  0x000001fee28092b0 JavaThread "Thread-0"                          [_thread_blocked, id=1632, stack(0x000000bfc9200000,0x000000bfc9300000) (1024K)]
  0x000001fee2a45c90 JavaThread "restartedMain"                     [_thread_blocked, id=8356, stack(0x000000bfc9300000,0x000000bfc9400000) (1024K)]
  0x000001fee417aa60 JavaThread "mysql-cj-abandoned-connection-cleanup" daemon [_thread_blocked, id=3192, stack(0x000000bfc9600000,0x000000bfc9700000) (1024K)]
  0x000001fee46438b0 JavaThread "HikariPool-1 housekeeper"   daemon [_thread_blocked, id=14872, stack(0x000000bfc9800000,0x000000bfc9900000) (1024K)]
  0x000001fee4cda500 JavaThread "Catalina-utility-1"                [_thread_blocked, id=18092, stack(0x000000bfc9a00000,0x000000bfc9b00000) (1024K)]
  0x000001fee4cdbf40 JavaThread "Catalina-utility-2"                [_thread_blocked, id=1744, stack(0x000000bfc9b00000,0x000000bfc9c00000) (1024K)]
  0x000001fee4cdb8b0 JavaThread "container-0"                       [_thread_blocked, id=6596, stack(0x000000bfc9c00000,0x000000bfc9d00000) (1024K)]
  0x000001fee4cdc5d0 JavaThread "ClassGraph-worker-28"       daemon [_thread_blocked, id=6348, stack(0x000000bfc9900000,0x000000bfc9a00000) (1024K)]
  0x000001fee4cdcc60 JavaThread "ClassGraph-worker-29"       daemon [_thread_blocked, id=9544, stack(0x000000bfc9d00000,0x000000bfc9e00000) (1024K)]
  0x000001fee4cd9e70 JavaThread "ClassGraph-worker-30"       daemon [_thread_blocked, id=17132, stack(0x000000bfc9e00000,0x000000bfc9f00000) (1024K)]
  0x000001fee4cd97e0 JavaThread "ClassGraph-worker-31"       daemon [_thread_blocked, id=11716, stack(0x000000bfc9f00000,0x000000bfca000000) (1024K)]
  0x000001fee4cdab90 JavaThread "ClassGraph-worker-32"       daemon [_thread_blocked, id=9520, stack(0x000000bfca000000,0x000000bfca100000) (1024K)]
  0x000001fee4cdb220 JavaThread "ClassGraph-worker-33"       daemon [_thread_blocked, id=5300, stack(0x000000bfca100000,0x000000bfca200000) (1024K)]
  0x000001fee5296a50 JavaThread "ClassGraph-worker-34"       daemon [_thread_blocked, id=16432, stack(0x000000bfca200000,0x000000bfca300000) (1024K)]
  0x000001fee5295010 JavaThread "ClassGraph-worker-35"       daemon [_thread_blocked, id=9160, stack(0x000000bfca300000,0x000000bfca400000) (1024K)]
  0x000001fee5299ed0 JavaThread "ClassGraph-worker-36"       daemon [_thread_blocked, id=6336, stack(0x000000bfca400000,0x000000bfca500000) (1024K)]
  0x000001fee52970e0 JavaThread "ClassGraph-worker-37"       daemon [_thread_blocked, id=7972, stack(0x000000bfca500000,0x000000bfca600000) (1024K)]
  0x000001fee529abf0 JavaThread "ClassGraph-worker-38"       daemon [_thread_blocked, id=4432, stack(0x000000bfca600000,0x000000bfca700000) (1024K)]
  0x000001fee52956a0 JavaThread "ClassGraph-worker-39"       daemon [_thread_blocked, id=2568, stack(0x000000bfca700000,0x000000bfca800000) (1024K)]
  0x000001fee5295d30 JavaThread "ClassGraph-worker-40"       daemon [_thread_blocked, id=7368, stack(0x000000bfca800000,0x000000bfca900000) (1024K)]
  0x000001fee5297770 JavaThread "ClassGraph-worker-41"       daemon [_thread_blocked, id=16568, stack(0x000000bfca900000,0x000000bfcaa00000) (1024K)]
Total: 34

Other Threads:
=>0x000001fe9ce91190 VMThread "VM Thread"                           [id=16532, stack(0x000000bfc7f00000,0x000000bfc8000000) (1024K)]
  0x000001fe9ce79730 WatcherThread "VM Periodic Task Thread"        [id=16028, stack(0x000000bfc7e00000,0x000000bfc7f00000) (1024K)]
  0x000001fe8b398150 WorkerThread "GC Thread#0"                     [id=6036, stack(0x000000bfc7900000,0x000000bfc7a00000) (1024K)]
  0x000001fee2810960 WorkerThread "GC Thread#1"                     [id=14080, stack(0x000000bfc8c00000,0x000000bfc8d00000) (1024K)]
  0x000001fee2810d00 WorkerThread "GC Thread#2"                     [id=8564, stack(0x000000bfc8d00000,0x000000bfc8e00000) (1024K)]
  0x000001fee2972dc0 WorkerThread "GC Thread#3"                     [id=3816, stack(0x000000bfc8e00000,0x000000bfc8f00000) (1024K)]
  0x000001fee2a6a170 WorkerThread "GC Thread#4"                     [id=13144, stack(0x000000bfc8f00000,0x000000bfc9000000) (1024K)]
  0x000001fee2a6a510 WorkerThread "GC Thread#5"                     [id=11808, stack(0x000000bfc9000000,0x000000bfc9100000) (1024K)]
  0x000001fee2a6acc0 WorkerThread "GC Thread#6"                     [id=17200, stack(0x000000bfc9100000,0x000000bfc9200000) (1024K)]
  0x000001fee2c6e6c0 WorkerThread "GC Thread#7"                     [id=16372, stack(0x000000bfc9500000,0x000000bfc9600000) (1024K)]
  0x000001fe8b3a5750 ConcurrentGCThread "G1 Main Marker"            [id=12564, stack(0x000000bfc7a00000,0x000000bfc7b00000) (1024K)]
  0x000001fe8b3a6250 WorkerThread "G1 Conc#0"                       [id=14528, stack(0x000000bfc7b00000,0x000000bfc7c00000) (1024K)]
  0x000001fee3806740 WorkerThread "G1 Conc#1"                       [id=14364, stack(0x000000bfc9400000,0x000000bfc9500000) (1024K)]
  0x000001fe9cd484f0 ConcurrentGCThread "G1 Refine#0"               [id=16820, stack(0x000000bfc7c00000,0x000000bfc7d00000) (1024K)]
  0x000001fe9cd49f10 ConcurrentGCThread "G1 Service"                [id=996, stack(0x000000bfc7d00000,0x000000bfc7e00000) (1024K)]
Total: 15

Threads with active compile tasks:
C1 CompilerThread0    17889 7591 % !   1       nonapi.io.github.classgraph.fastzipfilereader.LogicalZipFile::readCentralDirectory @ 1477 (3373 bytes)
Total: 1

VM state: at safepoint (normal execution)

VM Mutex/Monitor currently owned by a thread:  ([mutex/lock_event])
[0x00007ff928c4a5f8] Threads_lock - owner thread: 0x000001fe9ce91190
[0x00007ff928c4a6f8] Heap_lock - owner thread: 0x000001fee4cdab90

Heap address: 0x0000000741e00000, size: 3042 MB, Compressed Oops mode: Zero based, Oop shift amount: 3

CDS archive(s) mapped at: [0x000001fe9d000000-0x000001fe9dc90000-0x000001fe9dc90000), size 13172736, SharedBaseAddress: 0x000001fe9d000000, ArchiveRelocationMode: 1.
Compressed class space mapped at: 0x000001fe9e000000-0x000001fede000000, reserved size: 1073741824
Narrow klass base: 0x000001fe9d000000, Narrow klass shift: 0, Narrow klass range: 0x100000000

GC Precious Log:
 CardTable entry size: 512
 Card Set container configuration: InlinePtr #cards 4 size 8 Array Of Cards #cards 16 size 48 Howl #buckets 8 coarsen threshold 3686 Howl Bitmap #cards 512 size 80 coarsen threshold 460 Card regions per heap region 1 cards per card region 4096
 CPUs: 8 total, 8 available
 Memory: 12167M
 Large Page Support: Disabled
 NUMA Support: Disabled
 Compressed Oops: Enabled (Zero based)
 Heap Region Size: 2M
 Heap Min Capacity: 8M
 Heap Initial Capacity: 192M
 Heap Max Capacity: 3042M
 Pre-touch: Disabled
 Parallel Workers: 8
 Concurrent Workers: 2
 Concurrent Refinement Workers: 8
 Periodic GC: Disabled

Heap:
 garbage-first heap   total 75776K, used 53913K [0x0000000741e00000, 0x0000000800000000)
  region size 2048K, 2 young (4096K), 2 survivors (4096K)
 Metaspace       used 59309K, committed 59840K, reserved 1114112K
  class space    used 8323K, committed 8576K, reserved 1048576K

Heap Regions: E=young(eden), S=young(survivor), O=old, HS=humongous(starts), HC=humongous(continues), CS=collection set, F=free, TAMS=top-at-mark-start, PB=parsable bottom
|   0|0x0000000741e00000, 0x0000000742000000, 0x0000000742000000|100%| O|  |TAMS 0x0000000742000000| PB 0x0000000741e00000| Untracked 
|   1|0x0000000742000000, 0x0000000742200000, 0x0000000742200000|100%| O|  |TAMS 0x0000000742200000| PB 0x0000000742000000| Untracked 
|   2|0x0000000742200000, 0x0000000742400000, 0x0000000742400000|100%| O|  |TAMS 0x0000000742400000| PB 0x0000000742200000| Untracked 
|   3|0x0000000742400000, 0x0000000742600000, 0x0000000742600000|100%| O|  |TAMS 0x0000000742600000| PB 0x0000000742400000| Untracked 
|   4|0x0000000742600000, 0x0000000742800000, 0x0000000742800000|100%| O|  |TAMS 0x0000000742800000| PB 0x0000000742600000| Untracked 
|   5|0x0000000742800000, 0x0000000742a00000, 0x0000000742a00000|100%| O|  |TAMS 0x0000000742a00000| PB 0x0000000742800000| Untracked 
|   6|0x0000000742a00000, 0x0000000742c00000, 0x0000000742c00000|100%| O|  |TAMS 0x0000000742c00000| PB 0x0000000742a00000| Untracked 
|   7|0x0000000742c00000, 0x0000000742e00000, 0x0000000742e00000|100%| O|  |TAMS 0x0000000742e00000| PB 0x0000000742c00000| Untracked 
|   8|0x0000000742e00000, 0x0000000743000000, 0x0000000743000000|100%| O|  |TAMS 0x0000000743000000| PB 0x0000000742e00000| Untracked 
|   9|0x0000000743000000, 0x0000000743200000, 0x0000000743200000|100%| O|  |TAMS 0x0000000743200000| PB 0x0000000743000000| Untracked 
|  10|0x0000000743200000, 0x0000000743400000, 0x0000000743400000|100%| O|  |TAMS 0x0000000743400000| PB 0x0000000743200000| Untracked 
|  11|0x0000000743400000, 0x0000000743600000, 0x0000000743600000|100%| O|  |TAMS 0x0000000743600000| PB 0x0000000743400000| Untracked 
|  12|0x0000000743600000, 0x0000000743800000, 0x0000000743800000|100%| O|  |TAMS 0x0000000743600000| PB 0x0000000743600000| Untracked 
|  13|0x0000000743800000, 0x0000000743a00000, 0x0000000743a00000|100%| O|  |TAMS 0x0000000743a00000| PB 0x0000000743800000| Untracked 
|  14|0x0000000743a00000, 0x0000000743c00000, 0x0000000743c00000|100%| O|  |TAMS 0x0000000743c00000| PB 0x0000000743a00000| Untracked 
|  15|0x0000000743c00000, 0x0000000743e00000, 0x0000000743e00000|100%| O|  |TAMS 0x0000000743e00000| PB 0x0000000743c00000| Untracked 
|  16|0x0000000743e00000, 0x0000000744000000, 0x0000000744000000|100%| O|  |TAMS 0x0000000744000000| PB 0x0000000743e00000| Untracked 
|  17|0x0000000744000000, 0x0000000744200000, 0x0000000744200000|100%| O|  |TAMS 0x0000000744200000| PB 0x0000000744000000| Untracked 
|  18|0x0000000744200000, 0x0000000744400000, 0x0000000744400000|100%| O|  |TAMS 0x0000000744400000| PB 0x0000000744200000| Untracked 
|  19|0x0000000744400000, 0x0000000744600000, 0x0000000744600000|100%| O|  |TAMS 0x0000000744600000| PB 0x0000000744400000| Untracked 
|  20|0x0000000744600000, 0x0000000744800000, 0x0000000744800000|100%| O|  |TAMS 0x0000000744600000| PB 0x0000000744600000| Untracked 
|  21|0x0000000744800000, 0x0000000744a00000, 0x0000000744a00000|100%| O|  |TAMS 0x0000000744a00000| PB 0x0000000744800000| Untracked 
|  22|0x0000000744a00000, 0x0000000744a00000, 0x0000000744c00000|  0%| F|  |TAMS 0x0000000744a00000| PB 0x0000000744a00000| Untracked 
|  23|0x0000000744c00000, 0x0000000744e00000, 0x0000000744e00000|100%| O|  |TAMS 0x0000000744c00000| PB 0x0000000744c00000| Untracked 
|  24|0x0000000744e00000, 0x0000000744e00000, 0x0000000745000000|  0%| F|  |TAMS 0x0000000744e00000| PB 0x0000000744e00000| Untracked 
|  25|0x0000000745000000, 0x0000000745200000, 0x0000000745200000|100%| S|CS|TAMS 0x0000000745000000| PB 0x0000000745000000| Complete 
|  26|0x0000000745200000, 0x0000000745400000, 0x0000000745400000|100%| S|CS|TAMS 0x0000000745200000| PB 0x0000000745200000| Complete 
|  27|0x0000000745400000, 0x0000000745400000, 0x0000000745600000|  0%| F|  |TAMS 0x0000000745400000| PB 0x0000000745400000| Untracked 
|  28|0x0000000745600000, 0x0000000745600000, 0x0000000745800000|  0%| F|  |TAMS 0x0000000745600000| PB 0x0000000745600000| Untracked 
|  29|0x0000000745800000, 0x0000000745800000, 0x0000000745a00000|  0%| F|  |TAMS 0x0000000745800000| PB 0x0000000745800000| Untracked 
|  30|0x0000000745a00000, 0x0000000745a00000, 0x0000000745c00000|  0%| F|  |TAMS 0x0000000745a00000| PB 0x0000000745a00000| Untracked 
|  89|0x000000074d000000, 0x000000074d000000, 0x000000074d200000|  0%| F|  |TAMS 0x000000074d000000| PB 0x000000074d000000| Untracked 
|  90|0x000000074d200000, 0x000000074d200000, 0x000000074d400000|  0%| F|  |TAMS 0x000000074d200000| PB 0x000000074d200000| Untracked 
|  91|0x000000074d400000, 0x000000074d400000, 0x000000074d600000|  0%| F|  |TAMS 0x000000074d400000| PB 0x000000074d400000| Untracked 
|  95|0x000000074dc00000, 0x000000074dc00000, 0x000000074de00000|  0%| F|  |TAMS 0x000000074dc00000| PB 0x000000074dc00000| Untracked 
|1519|0x00000007ffc00000, 0x00000007ffca66a8, 0x00000007ffe00000| 32%| O|  |TAMS 0x00000007ffc00000| PB 0x00000007ffc00000| Untracked 
|1520|0x00000007ffe00000, 0x0000000800000000, 0x0000000800000000|100%| O|  |TAMS 0x00000007ffe9b370| PB 0x00000007ffe00000| Untracked 

Card table byte_map: [0x000001fe96ea0000,0x000001fe974a0000] _byte_map_base: 0x000001fe93491000

Marking Bits: (CMBitMap*) 0x000001fe8b399060
 Bits: [0x000001fe974a0000, 0x000001fe9a428000)

Polling page: 0x000001fe8ab00000

Metaspace:

Usage:
  Non-class:     49.79 MB used.
      Class:      8.13 MB used.
       Both:     57.92 MB used.

Virtual space:
  Non-class space:       64.00 MB reserved,      50.06 MB ( 78%) committed,  1 nodes.
      Class space:        1.00 GB reserved,       8.38 MB ( <1%) committed,  1 nodes.
             Both:        1.06 GB reserved,      58.44 MB (  5%) committed. 

Chunk freelists:
   Non-Class:  13.59 MB
       Class:  7.66 MB
        Both:  21.24 MB

MaxMetaspaceSize: unlimited
CompressedClassSpaceSize: 1.00 GB
Initial GC threshold: 21.00 MB
Current GC threshold: 96.69 MB
CDS: on
 - commit_granule_bytes: 65536.
 - commit_granule_words: 8192.
 - virtual_space_node_default_size: 8388608.
 - enlarge_chunks_in_place: 1.
 - use_allocation_guard: 0.


Internal statistics:

num_allocs_failed_limit: 6.
num_arena_births: 620.
num_arena_deaths: 2.
num_vsnodes_births: 2.
num_vsnodes_deaths: 0.
num_space_committed: 935.
num_space_uncommitted: 0.
num_chunks_returned_to_freelist: 9.
num_chunks_taken_from_freelist: 2765.
num_chunk_merges: 3.
num_chunk_splits: 2040.
num_chunks_enlarged: 1716.
num_inconsistent_stats: 0.

CodeCache: size=49152Kb used=14417Kb max_used=14587Kb free=34734Kb
 bounds [0x000001fe93790000, 0x000001fe94600000, 0x000001fe96790000]
 total_blobs=7527 nmethods=6873 adapters=574
 compilation: enabled
              stopped_count=0, restarted_count=0
 full_count=0

Compilation events (20 events):
Event: 17.757 Thread 0x000001fee2134aa0 nmethod 7580 0x000001fe93bc8310 code [0x000001fe93bc84e0, 0x000001fe93bc8830]
Event: 17.781 Thread 0x000001fee2134aa0 7582       1       java.util.AbstractQueue::add (20 bytes)
Event: 17.781 Thread 0x000001fe9cec47c0 7581       1       nonapi.io.github.classgraph.concurrency.WorkQueue$WorkUnitWrapper::<init> (10 bytes)
Event: 17.781 Thread 0x000001fee2748ba0 7583       1       nonapi.io.github.classgraph.concurrency.WorkQueue::addWorkUnit (41 bytes)
Event: 17.781 Thread 0x000001fe9cec47c0 nmethod 7581 0x000001fe93c34f10 code [0x000001fe93c350a0, 0x000001fe93c351c0]
Event: 17.781 Thread 0x000001fee2134aa0 nmethod 7582 0x000001fe93d66910 code [0x000001fe93d66ac0, 0x000001fe93d66c58]
Event: 17.781 Thread 0x000001fee2748ba0 nmethod 7583 0x000001fe93c1cf90 code [0x000001fe93c1d160, 0x000001fe93c1d3e8]
Event: 17.785 Thread 0x000001fe9cec47c0 7584       1       sun.nio.fs.WindowsException::lastError (5 bytes)
Event: 17.785 Thread 0x000001fe9cec47c0 nmethod 7584 0x000001fe93c43910 code [0x000001fe93c43aa0, 0x000001fe93c43b68]
Event: 17.787 Thread 0x000001fe9cec47c0 7585       1       sun.nio.fs.WindowsChannelFactory::newFileChannel (130 bytes)
Event: 17.787 Thread 0x000001fee2134aa0 7586       1       sun.nio.fs.WindowsChannelFactory$Flags::toFlags (320 bytes)
Event: 17.787 Thread 0x000001fee2748ba0 7587       1       sun.nio.fs.WindowsChannelFactory$Flags::<init> (20 bytes)
Event: 17.787 Thread 0x000001fee26a64c0 7588   !   1       sun.nio.fs.WindowsChannelFactory::open (457 bytes)
Event: 17.788 Thread 0x000001fee2748ba0 nmethod 7587 0x000001fe93c49f90 code [0x000001fe93c4a120, 0x000001fe93c4a1f0]
Event: 17.788 Thread 0x000001fee2748ba0 7589   !   1       sun.nio.fs.WindowsNativeDispatcher::CreateFile (83 bytes)
Event: 17.788 Thread 0x000001fe9cec47c0 nmethod 7585 0x000001fe93d02e10 code [0x000001fe93d03000, 0x000001fe93d033a8]
Event: 17.788 Thread 0x000001fee2748ba0 nmethod 7589 0x000001fe93c58610 code [0x000001fe93c58820, 0x000001fe93c58ae8]
Event: 17.788 Thread 0x000001fee2134aa0 nmethod 7586 0x000001fe93cc2190 code [0x000001fe93cc2460, 0x000001fe93cc30b0]
Event: 17.789 Thread 0x000001fee26a64c0 nmethod 7588 0x000001fe93a9b190 code [0x000001fe93a9b3c0, 0x000001fe93a9ba60]
Event: 17.789 Thread 0x000001fe9cec47c0 7591 % !   1       nonapi.io.github.classgraph.fastzipfilereader.LogicalZipFile::readCentralDirectory @ 1477 (3373 bytes)

GC Heap History (20 events):
Event: 11.335 GC heap after
{Heap after GC invocations=11 (full 0):
 garbage-first heap   total 71680K, used 27392K [0x0000000741e00000, 0x0000000800000000)
  region size 2048K, 1 young (2048K), 1 survivors (2048K)
 Metaspace       used 45955K, committed 46400K, reserved 1114112K
  class space    used 6540K, committed 6720K, reserved 1048576K
}
Event: 13.450 GC heap before
{Heap before GC invocations=11 (full 0):
 garbage-first heap   total 71680K, used 58112K [0x0000000741e00000, 0x0000000800000000)
  region size 2048K, 17 young (34816K), 1 survivors (2048K)
 Metaspace       used 50633K, committed 51072K, reserved 1114112K
  class space    used 7170K, committed 7360K, reserved 1048576K
}
Event: 13.455 GC heap after
{Heap after GC invocations=12 (full 0):
 garbage-first heap   total 71680K, used 28635K [0x0000000741e00000, 0x0000000800000000)
  region size 2048K, 2 young (4096K), 2 survivors (4096K)
 Metaspace       used 50633K, committed 51072K, reserved 1114112K
  class space    used 7170K, committed 7360K, reserved 1048576K
}
Event: 14.305 GC heap before
{Heap before GC invocations=12 (full 0):
 garbage-first heap   total 71680K, used 59355K [0x0000000741e00000, 0x0000000800000000)
  region size 2048K, 17 young (34816K), 2 survivors (4096K)
 Metaspace       used 52811K, committed 53248K, reserved 1114112K
  class space    used 7483K, committed 7680K, reserved 1048576K
}
Event: 14.311 GC heap after
{Heap after GC invocations=13 (full 0):
 garbage-first heap   total 71680K, used 30211K [0x0000000741e00000, 0x0000000800000000)
  region size 2048K, 3 young (6144K), 3 survivors (6144K)
 Metaspace       used 52811K, committed 53248K, reserved 1114112K
  class space    used 7483K, committed 7680K, reserved 1048576K
}
Event: 14.783 GC heap before
{Heap before GC invocations=13 (full 0):
 garbage-first heap   total 71680K, used 52739K [0x0000000741e00000, 0x0000000800000000)
  region size 2048K, 15 young (30720K), 3 survivors (6144K)
 Metaspace       used 53335K, committed 53760K, reserved 1114112K
  class space    used 7546K, committed 7744K, reserved 1048576K
}
Event: 14.790 GC heap after
{Heap after GC invocations=14 (full 0):
 garbage-first heap   total 71680K, used 31420K [0x0000000741e00000, 0x0000000800000000)
  region size 2048K, 2 young (4096K), 2 survivors (4096K)
 Metaspace       used 53335K, committed 53760K, reserved 1114112K
  class space    used 7546K, committed 7744K, reserved 1048576K
}
Event: 15.485 GC heap before
{Heap before GC invocations=15 (full 0):
 garbage-first heap   total 71680K, used 60092K [0x0000000741e00000, 0x0000000800000000)
  region size 2048K, 16 young (32768K), 2 survivors (4096K)
 Metaspace       used 54552K, committed 54976K, reserved 1114112K
  class space    used 7711K, committed 7872K, reserved 1048576K
}
Event: 15.490 GC heap after
{Heap after GC invocations=16 (full 0):
 garbage-first heap   total 71680K, used 32597K [0x0000000741e00000, 0x0000000800000000)
  region size 2048K, 2 young (4096K), 2 survivors (4096K)
 Metaspace       used 54552K, committed 54976K, reserved 1114112K
  class space    used 7711K, committed 7872K, reserved 1048576K
}
Event: 15.886 GC heap before
{Heap before GC invocations=16 (full 0):
 garbage-first heap   total 71680K, used 59221K [0x0000000741e00000, 0x0000000800000000)
  region size 2048K, 15 young (30720K), 2 survivors (4096K)
 Metaspace       used 54781K, committed 55168K, reserved 1114112K
  class space    used 7731K, committed 7872K, reserved 1048576K
}
Event: 15.892 GC heap after
{Heap after GC invocations=17 (full 0):
 garbage-first heap   total 71680K, used 33078K [0x0000000741e00000, 0x0000000800000000)
  region size 2048K, 2 young (4096K), 2 survivors (4096K)
 Metaspace       used 54781K, committed 55168K, reserved 1114112K
  class space    used 7731K, committed 7872K, reserved 1048576K
}
Event: 16.434 GC heap before
{Heap before GC invocations=17 (full 0):
 garbage-first heap   total 71680K, used 59702K [0x0000000741e00000, 0x0000000800000000)
  region size 2048K, 15 young (30720K), 2 survivors (4096K)
 Metaspace       used 56109K, committed 56512K, reserved 1114112K
  class space    used 7909K, committed 8064K, reserved 1048576K
}
Event: 16.440 GC heap after
{Heap after GC invocations=18 (full 0):
 garbage-first heap   total 71680K, used 34462K [0x0000000741e00000, 0x0000000800000000)
  region size 2048K, 2 young (4096K), 2 survivors (4096K)
 Metaspace       used 56109K, committed 56512K, reserved 1114112K
  class space    used 7909K, committed 8064K, reserved 1048576K
}
Event: 17.241 GC heap before
{Heap before GC invocations=18 (full 0):
 garbage-first heap   total 71680K, used 59038K [0x0000000741e00000, 0x0000000800000000)
  region size 2048K, 14 young (28672K), 2 survivors (4096K)
 Metaspace       used 58613K, committed 59072K, reserved 1114112K
  class space    used 8234K, committed 8448K, reserved 1048576K
}
Event: 17.247 GC heap after
{Heap after GC invocations=19 (full 0):
 garbage-first heap   total 71680K, used 36579K [0x0000000741e00000, 0x0000000800000000)
  region size 2048K, 2 young (4096K), 2 survivors (4096K)
 Metaspace       used 58613K, committed 59072K, reserved 1114112K
  class space    used 8234K, committed 8448K, reserved 1048576K
}
Event: 17.543 GC heap before
{Heap before GC invocations=20 (full 0):
 garbage-first heap   total 71680K, used 57059K [0x0000000741e00000, 0x0000000800000000)
  region size 2048K, 13 young (26624K), 2 survivors (4096K)
 Metaspace       used 59214K, committed 59776K, reserved 1114112K
  class space    used 8309K, committed 8576K, reserved 1048576K
}
Event: 17.551 GC heap after
{Heap after GC invocations=21 (full 0):
 garbage-first heap   total 71680K, used 40914K [0x0000000741e00000, 0x0000000800000000)
  region size 2048K, 2 young (4096K), 2 survivors (4096K)
 Metaspace       used 59214K, committed 59776K, reserved 1114112K
  class space    used 8309K, committed 8576K, reserved 1048576K
}
Event: 17.616 GC heap before
{Heap before GC invocations=21 (full 0):
 garbage-first heap   total 71680K, used 61394K [0x0000000741e00000, 0x0000000800000000)
  region size 2048K, 12 young (24576K), 2 survivors (4096K)
 Metaspace       used 59214K, committed 59776K, reserved 1114112K
  class space    used 8309K, committed 8576K, reserved 1048576K
}
Event: 17.627 GC heap after
{Heap after GC invocations=22 (full 0):
 garbage-first heap   total 73728K, used 45676K [0x0000000741e00000, 0x0000000800000000)
  region size 2048K, 2 young (4096K), 2 survivors (4096K)
 Metaspace       used 59214K, committed 59776K, reserved 1114112K
  class space    used 8309K, committed 8576K, reserved 1048576K
}
Event: 17.804 GC heap before
{Heap before GC invocations=22 (full 0):
 garbage-first heap   total 73728K, used 62060K [0x0000000741e00000, 0x0000000800000000)
  region size 2048K, 10 young (20480K), 2 survivors (4096K)
 Metaspace       used 59309K, committed 59840K, reserved 1114112K
  class space    used 8323K, committed 8576K, reserved 1048576K
}

Dll operation events (10 events):
Event: 0.018 Loaded shared library C:\Program Files\Java\jdk-21\bin\java.dll
Event: 0.258 Loaded shared library C:\Program Files\Java\jdk-21\bin\net.dll
Event: 0.261 Loaded shared library C:\Program Files\Java\jdk-21\bin\nio.dll
Event: 0.268 Loaded shared library C:\Program Files\Java\jdk-21\bin\zip.dll
Event: 0.411 Loaded shared library C:\Program Files\Java\jdk-21\bin\jimage.dll
Event: 0.464 Loaded shared library C:\Program Files\Java\jdk-21\bin\verify.dll
Event: 1.128 Loaded shared library C:\Program Files\Java\jdk-21\bin\management.dll
Event: 1.135 Loaded shared library C:\Program Files\Java\jdk-21\bin\management_ext.dll
Event: 7.128 Loaded shared library C:\Program Files\Java\jdk-21\bin\sunmscapi.dll
Event: 9.105 Loaded shared library C:\Program Files\Java\jdk-21\bin\extnet.dll

Deoptimization events (16 events):
Event: 2.396 Thread 0x000001fee2a45c90 DEOPT PACKING pc=0x000001fe93d066e1 sp=0x000000bfc93fce30
Event: 2.396 Thread 0x000001fee2a45c90 DEOPT UNPACKING pc=0x000001fe937e4e42 sp=0x000000bfc93fc310 mode 3
Event: 4.989 Thread 0x000001fee2a45c90 DEOPT PACKING pc=0x000001fe93d838d4 sp=0x000000bfc93fd160
Event: 4.989 Thread 0x000001fee2a45c90 DEOPT UNPACKING pc=0x000001fe937e4e42 sp=0x000000bfc93fc6b8 mode 0
Event: 6.967 Thread 0x000001fee2a45c90 DEOPT PACKING pc=0x000001fe940b2425 sp=0x000000bfc93fcd50
Event: 6.967 Thread 0x000001fee2a45c90 DEOPT UNPACKING pc=0x000001fe937e4e42 sp=0x000000bfc93fc2b8 mode 3
Event: 11.007 Thread 0x000001fee2a45c90 DEOPT PACKING pc=0x000001fe94268a5c sp=0x000000bfc93f8300
Event: 11.007 Thread 0x000001fee2a45c90 DEOPT UNPACKING pc=0x000001fe937e4e42 sp=0x000000bfc93f7788 mode 0
Event: 13.850 Thread 0x000001fee2a45c90 DEOPT PACKING pc=0x000001fe9445c161 sp=0x000000bfc93fbcd0
Event: 13.850 Thread 0x000001fee2a45c90 DEOPT UNPACKING pc=0x000001fe937e4e42 sp=0x000000bfc93fb1b0 mode 3
Event: 16.546 Thread 0x000001fee2a45c90 DEOPT PACKING pc=0x000001fe94486bb4 sp=0x000000bfc93f9900
Event: 16.546 Thread 0x000001fee2a45c90 DEOPT UNPACKING pc=0x000001fe937e4e42 sp=0x000000bfc93f8ef0 mode 0
Event: 16.643 Thread 0x000001fee2a45c90 DEOPT PACKING pc=0x000001fe93d633c9 sp=0x000000bfc93fad90
Event: 16.643 Thread 0x000001fee2a45c90 DEOPT UNPACKING pc=0x000001fe937e4e42 sp=0x000000bfc93fa298 mode 3
Event: 17.412 Thread 0x000001fee2a45c90 DEOPT PACKING pc=0x000001fe939c79a3 sp=0x000000bfc93fb110
Event: 17.412 Thread 0x000001fee2a45c90 DEOPT UNPACKING pc=0x000001fe937e4e42 sp=0x000000bfc93fa658 mode 3

Classes loaded (20 events):
Event: 17.307 Loading class jdk/internal/loader/Loader
Event: 17.308 Loading class jdk/internal/loader/Loader done
Event: 17.311 Loading class jdk/internal/module/ModuleReferenceImpl$CachedHash
Event: 17.312 Loading class jdk/internal/module/ModuleReferenceImpl$CachedHash done
Event: 17.349 Loading class java/io/IOError
Event: 17.350 Loading class java/io/IOError done
Event: 17.381 Loading class java/util/AbstractMap$SimpleEntry
Event: 17.381 Loading class java/util/AbstractMap$SimpleEntry done
Event: 17.439 Loading class sun/nio/fs/WindowsLinkSupport
Event: 17.439 Loading class sun/nio/fs/WindowsLinkSupport done
Event: 17.441 Loading class sun/nio/fs/WindowsFileSystemProvider$1
Event: 17.441 Loading class sun/nio/fs/WindowsFileSystemProvider$1 done
Event: 17.466 Loading class java/nio/channels/spi/AbstractInterruptibleChannel$1
Event: 17.467 Loading class sun/nio/ch/Interruptible
Event: 17.467 Loading class sun/nio/ch/Interruptible done
Event: 17.467 Loading class java/nio/channels/spi/AbstractInterruptibleChannel$1 done
Event: 17.469 Loading class java/nio/ReadOnlyBufferException
Event: 17.469 Loading class java/nio/ReadOnlyBufferException done
Event: 17.474 Loading class java/util/zip/DataFormatException
Event: 17.474 Loading class java/util/zip/DataFormatException done

Classes unloaded (1 events):
Event: 17.315 Thread 0x000001fe9ce91190 Unloading class 0x000001fe9e768000 'jdk/internal/reflect/GeneratedSerializationConstructorAccessor1'

Classes redefined (0 events):
No events

Internal exceptions (20 events):
Event: 17.784 Thread 0x000001fee4cdcc60 Exception <a 'sun/nio/fs/WindowsException'{0x0000000745773f38}> (0x0000000745773f38) 
thrown [s\open\src\hotspot\share\prims\jni.cpp, line 520]
Event: 17.784 Thread 0x000001fee4cdcc60 Exception <a 'sun/nio/fs/WindowsException'{0x0000000745774248}> (0x0000000745774248) 
thrown [s\open\src\hotspot\share\prims\jni.cpp, line 520]
Event: 17.785 Thread 0x000001fee4cdcc60 Exception <a 'sun/nio/fs/WindowsException'{0x0000000745774bd0}> (0x0000000745774bd0) 
thrown [s\open\src\hotspot\share\prims\jni.cpp, line 520]
Event: 17.785 Thread 0x000001fee4cdcc60 Exception <a 'sun/nio/fs/WindowsException'{0x0000000745774f18}> (0x0000000745774f18) 
thrown [s\open\src\hotspot\share\prims\jni.cpp, line 520]
Event: 17.785 Thread 0x000001fee4cdcc60 Exception <a 'sun/nio/fs/WindowsException'{0x0000000745775878}> (0x0000000745775878) 
thrown [s\open\src\hotspot\share\prims\jni.cpp, line 520]
Event: 17.785 Thread 0x000001fee4cdcc60 Exception <a 'sun/nio/fs/WindowsException'{0x0000000745775b90}> (0x0000000745775b90) 
thrown [s\open\src\hotspot\share\prims\jni.cpp, line 520]
Event: 17.785 Thread 0x000001fee4cdcc60 Exception <a 'sun/nio/fs/WindowsException'{0x00000007457764c8}> (0x00000007457764c8) 
thrown [s\open\src\hotspot\share\prims\jni.cpp, line 520]
Event: 17.785 Thread 0x000001fee4cdcc60 Exception <a 'sun/nio/fs/WindowsException'{0x00000007457767a8}> (0x00000007457767a8) 
thrown [s\open\src\hotspot\share\prims\jni.cpp, line 520]
Event: 17.786 Thread 0x000001fee4cdcc60 Exception <a 'sun/nio/fs/WindowsException'{0x000000074578a078}> (0x000000074578a078) 
thrown [s\open\src\hotspot\share\prims\jni.cpp, line 520]
Event: 17.786 Thread 0x000001fee4cdcc60 Exception <a 'sun/nio/fs/WindowsException'{0x000000074578a370}> (0x000000074578a370) 
thrown [s\open\src\hotspot\share\prims\jni.cpp, line 520]
Event: 17.786 Thread 0x000001fee4cdcc60 Exception <a 'sun/nio/fs/WindowsException'{0x000000074578aca8}> (0x000000074578aca8) 
thrown [s\open\src\hotspot\share\prims\jni.cpp, line 520]
Event: 17.786 Thread 0x000001fee4cdcc60 Exception <a 'sun/nio/fs/WindowsException'{0x000000074578af90}> (0x000000074578af90) 
thrown [s\open\src\hotspot\share\prims\jni.cpp, line 520]
Event: 17.787 Thread 0x000001fee4cdcc60 Exception <a 'sun/nio/fs/WindowsException'{0x000000074578b8d8}> (0x000000074578b8d8) 
thrown [s\open\src\hotspot\share\prims\jni.cpp, line 520]
Event: 17.787 Thread 0x000001fee4cdcc60 Exception <a 'sun/nio/fs/WindowsException'{0x000000074578bbd0}> (0x000000074578bbd0) 
thrown [s\open\src\hotspot\share\prims\jni.cpp, line 520]
Event: 17.787 Thread 0x000001fee4cdcc60 Exception <a 'sun/nio/fs/WindowsException'{0x000000074578c530}> (0x000000074578c530) 
thrown [s\open\src\hotspot\share\prims\jni.cpp, line 520]
Event: 17.787 Thread 0x000001fee4cdcc60 Exception <a 'sun/nio/fs/WindowsException'{0x000000074578c848}> (0x000000074578c848) 
thrown [s\open\src\hotspot\share\prims\jni.cpp, line 520]
Event: 17.787 Thread 0x000001fee4cdcc60 Exception <a 'sun/nio/fs/WindowsException'{0x000000074578d1c0}> (0x000000074578d1c0) 
thrown [s\open\src\hotspot\share\prims\jni.cpp, line 520]
Event: 17.788 Thread 0x000001fee4cdcc60 Exception <a 'sun/nio/fs/WindowsException'{0x000000074578d4f0}> (0x000000074578d4f0) 
thrown [s\open\src\hotspot\share\prims\jni.cpp, line 520]
Event: 17.788 Thread 0x000001fee4cdcc60 Exception <a 'sun/nio/fs/WindowsException'{0x000000074578de60}> (0x000000074578de60) 
thrown [s\open\src\hotspot\share\prims\jni.cpp, line 520]
Event: 17.788 Thread 0x000001fee4cdcc60 Exception <a 'sun/nio/fs/WindowsException'{0x000000074578e188}> (0x000000074578e188) 
thrown [s\open\src\hotspot\share\prims\jni.cpp, line 520]

ZGC Phase Switch (0 events):
No events

VM Operations (20 events):
Event: 16.836 Executing VM operation: HandshakeAllThreads (Deoptimize) done
Event: 16.884 Executing VM operation: HandshakeAllThreads (Deoptimize)
Event: 16.884 Executing VM operation: HandshakeAllThreads (Deoptimize) done
Event: 16.886 Executing VM operation: HandshakeAllThreads (Deoptimize)
Event: 16.886 Executing VM operation: HandshakeAllThreads (Deoptimize) done
Event: 17.202 Executing VM operation: HandshakeAllThreads (Deoptimize)
Event: 17.202 Executing VM operation: HandshakeAllThreads (Deoptimize) done
Event: 17.241 Executing VM operation: G1CollectForAllocation (G1 Evacuation Pause)
Event: 17.247 Executing VM operation: G1CollectForAllocation (G1 Evacuation Pause) done
Event: 17.314 Executing VM operation: G1PauseRemark
Event: 17.329 Executing VM operation: G1PauseRemark done
Event: 17.354 Executing VM operation: G1PauseCleanup
Event: 17.354 Executing VM operation: G1PauseCleanup done
Event: 17.543 Executing VM operation: G1CollectForAllocation (G1 Evacuation Pause)
Event: 17.556 Executing VM operation: G1CollectForAllocation (G1 Evacuation Pause) done
Event: 17.616 Executing VM operation: G1CollectForAllocation (G1 Evacuation Pause)
Event: 17.627 Executing VM operation: G1CollectForAllocation (G1 Evacuation Pause) done
Event: 17.715 Executing VM operation: HandshakeAllThreads (Deoptimize)
Event: 17.715 Executing VM operation: HandshakeAllThreads (Deoptimize) done
Event: 17.798 Executing VM operation: G1CollectForAllocation (G1 Evacuation Pause)

Events (20 events):
Event: 17.732 Thread 0x000001fee5297e00 Thread exited: 0x000001fee5297e00
Event: 17.732 Thread 0x000001fee5299840 Thread exited: 0x000001fee5299840
Event: 17.732 Thread 0x000001fee4cdb220 Thread exited: 0x000001fee4cdb220
Event: 17.732 Thread 0x000001fee52970e0 Thread exited: 0x000001fee52970e0
Event: 17.732 Thread 0x000001fee52991b0 Thread exited: 0x000001fee52991b0
Event: 17.733 Thread 0x000001fee4cdc5d0 Thread exited: 0x000001fee4cdc5d0
Event: 17.780 Thread 0x000001fee4cdc5d0 Thread added: 0x000001fee4cdc5d0
Event: 17.781 Thread 0x000001fee4cdcc60 Thread added: 0x000001fee4cdcc60
Event: 17.782 Thread 0x000001fee4cd9e70 Thread added: 0x000001fee4cd9e70
Event: 17.782 Thread 0x000001fee4cd97e0 Thread added: 0x000001fee4cd97e0
Event: 17.782 Thread 0x000001fee4cdab90 Thread added: 0x000001fee4cdab90
Event: 17.783 Thread 0x000001fee4cdb220 Thread added: 0x000001fee4cdb220
Event: 17.783 Thread 0x000001fee5296a50 Thread added: 0x000001fee5296a50
Event: 17.783 Thread 0x000001fee5295010 Thread added: 0x000001fee5295010
Event: 17.784 Thread 0x000001fee5299ed0 Thread added: 0x000001fee5299ed0
Event: 17.784 Thread 0x000001fee52970e0 Thread added: 0x000001fee52970e0
Event: 17.785 Thread 0x000001fee529abf0 Thread added: 0x000001fee529abf0
Event: 17.786 Thread 0x000001fee52956a0 Thread added: 0x000001fee52956a0
Event: 17.786 Thread 0x000001fee5295d30 Thread added: 0x000001fee5295d30
Event: 17.786 Thread 0x000001fee5297770 Thread added: 0x000001fee5297770


Dynamic libraries:
0x00007ff747650000 - 0x00007ff747660000 	C:\Program Files\Java\jdk-21\bin\java.exe
0x00007ff9bb1f0000 - 0x00007ff9bb407000 	C:\WINDOWS\SYSTEM32\ntdll.dll
0x00007ff9ba0f0000 - 0x00007ff9ba1b4000 	C:\WINDOWS\System32\KERNEL32.DLL
0x00007ff9b8a20000 - 0x00007ff9b8dc7000 	C:\WINDOWS\System32\KERNELBASE.dll
0x00007ff9b8e00000 - 0x00007ff9b8f11000 	C:\WINDOWS\System32\ucrtbase.dll
0x00007ff95faa0000 - 0x00007ff95fab9000 	C:\Program Files\Java\jdk-21\bin\jli.dll
0x00007ff9b8f20000 - 0x00007ff9b8fd2000 	C:\WINDOWS\System32\ADVAPI32.dll
0x00007ff9b9ad0000 - 0x00007ff9b9b77000 	C:\WINDOWS\System32\msvcrt.dll
0x00007ff9ba1d0000 - 0x00007ff9ba278000 	C:\WINDOWS\System32\sechost.dll
0x00007ff963180000 - 0x00007ff96319b000 	C:\Program Files\Java\jdk-21\bin\VCRUNTIME140.dll
0x00007ff9b89f0000 - 0x00007ff9b8a18000 	C:\WINDOWS\System32\bcrypt.dll
0x00007ff9ba960000 - 0x00007ff9baa75000 	C:\WINDOWS\System32\RPCRT4.dll
0x00007ff9bb000000 - 0x00007ff9bb1ae000 	C:\WINDOWS\System32\USER32.dll
0x00007ff9b8dd0000 - 0x00007ff9b8df6000 	C:\WINDOWS\System32\win32u.dll
0x00007ff9b8fe0000 - 0x00007ff9b9009000 	C:\WINDOWS\System32\GDI32.dll
0x00007ff9b88d0000 - 0x00007ff9b89e9000 	C:\WINDOWS\System32\gdi32full.dll
0x00007ff9b8590000 - 0x00007ff9b862a000 	C:\WINDOWS\System32\msvcp_win.dll
0x00007ff9a7400000 - 0x00007ff9a7693000 	C:\WINDOWS\WinSxS\amd64_microsoft.windows.common-controls_6595b64144ccf1df_6.0.22621.3527_none_270e469b73872a76\COMCTL32.dll
0x00007ff9b1710000 - 0x00007ff9b171a000 	C:\WINDOWS\SYSTEM32\VERSION.dll
0x00007ff9ba300000 - 0x00007ff9ba331000 	C:\WINDOWS\System32\IMM32.DLL
0x00007ff98d310000 - 0x00007ff98d31c000 	C:\Program Files\Java\jdk-21\bin\vcruntime140_1.dll
0x00007ff95a760000 - 0x00007ff95a7ee000 	C:\Program Files\Java\jdk-21\bin\msvcp140.dll
0x00007ff928010000 - 0x00007ff928d25000 	C:\Program Files\Java\jdk-21\bin\server\jvm.dll
0x00007ff9b9b80000 - 0x00007ff9b9bf1000 	C:\WINDOWS\System32\WS2_32.dll
0x00007ff9b83d0000 - 0x00007ff9b841d000 	C:\WINDOWS\SYSTEM32\POWRPROF.dll
0x00007ff9b1670000 - 0x00007ff9b16a4000 	C:\WINDOWS\SYSTEM32\WINMM.dll
0x00007ff9b83b0000 - 0x00007ff9b83c3000 	C:\WINDOWS\SYSTEM32\UMPDC.dll
0x00007ff9b7530000 - 0x00007ff9b7548000 	C:\WINDOWS\SYSTEM32\kernel.appcore.dll
0x00007ff9898d0000 - 0x00007ff9898da000 	C:\Program Files\Java\jdk-21\bin\jimage.dll
0x00007ff9b5ff0000 - 0x00007ff9b6222000 	C:\WINDOWS\SYSTEM32\DBGHELP.DLL
0x00007ff9b9d60000 - 0x00007ff9ba0e8000 	C:\WINDOWS\System32\combase.dll
0x00007ff9ba880000 - 0x00007ff9ba957000 	C:\WINDOWS\System32\OLEAUT32.dll
0x00007ff9994f0000 - 0x00007ff999522000 	C:\WINDOWS\SYSTEM32\dbgcore.DLL
0x00007ff9b8510000 - 0x00007ff9b8589000 	C:\WINDOWS\System32\bcryptPrimitives.dll
0x00007ff95bab0000 - 0x00007ff95bacf000 	C:\Program Files\Java\jdk-21\bin\java.dll
0x00007ff9b9040000 - 0x00007ff9b989c000 	C:\WINDOWS\System32\SHELL32.dll
0x00007ff9b6450000 - 0x00007ff9b6d46000 	C:\WINDOWS\SYSTEM32\windows.storage.dll
0x00007ff9b6310000 - 0x00007ff9b644e000 	C:\WINDOWS\SYSTEM32\wintypes.dll
0x00007ff9baf00000 - 0x00007ff9baff5000 	C:\WINDOWS\System32\SHCORE.dll
0x00007ff9b9a00000 - 0x00007ff9b9a5e000 	C:\WINDOWS\System32\shlwapi.dll
0x00007ff9b8440000 - 0x00007ff9b8461000 	C:\WINDOWS\SYSTEM32\profapi.dll
0x00007ff9885d0000 - 0x00007ff9885e0000 	C:\Program Files\Java\jdk-21\bin\net.dll
0x00007ff9b13a0000 - 0x00007ff9b14d6000 	C:\WINDOWS\SYSTEM32\WINHTTP.dll
0x00007ff9b79a0000 - 0x00007ff9b7a09000 	C:\WINDOWS\system32\mswsock.dll
0x00007ff95ba90000 - 0x00007ff95baa6000 	C:\Program Files\Java\jdk-21\bin\nio.dll
0x00007ff95b980000 - 0x00007ff95b998000 	C:\Program Files\Java\jdk-21\bin\zip.dll
0x00007ff9884d0000 - 0x00007ff9884e0000 	C:\Program Files\Java\jdk-21\bin\verify.dll
0x00007ff985280000 - 0x00007ff98528a000 	C:\Program Files\Java\jdk-21\bin\management.dll
0x00007ff9850c0000 - 0x00007ff9850cb000 	C:\Program Files\Java\jdk-21\bin\management_ext.dll
0x00007ff9ba510000 - 0x00007ff9ba518000 	C:\WINDOWS\System32\PSAPI.DLL
0x00007ff99d360000 - 0x00007ff99d377000 	C:\WINDOWS\system32\napinsp.dll
0x00007ff999ad0000 - 0x00007ff999aeb000 	C:\WINDOWS\system32\pnrpnsp.dll
0x00007ff9b7020000 - 0x00007ff9b7118000 	C:\WINDOWS\SYSTEM32\DNSAPI.dll
0x00007ff9b6ff0000 - 0x00007ff9b701d000 	C:\WINDOWS\SYSTEM32\IPHLPAPI.DLL
0x00007ff9ba1c0000 - 0x00007ff9ba1c9000 	C:\WINDOWS\System32\NSI.dll
0x00007ff999a60000 - 0x00007ff999a71000 	C:\WINDOWS\System32\winrnr.dll
0x00007ff999a10000 - 0x00007ff999a25000 	C:\WINDOWS\system32\wshbth.dll
0x00007ff9999e0000 - 0x00007ff999a07000 	C:\WINDOWS\system32\nlansp_c.dll
0x00007ff9b0ab0000 - 0x00007ff9b0aba000 	C:\Windows\System32\rasadhlp.dll
0x00007ff9af9a0000 - 0x00007ff9afa23000 	C:\WINDOWS\System32\fwpuclnt.dll
0x00007ff9b7c00000 - 0x00007ff9b7c1b000 	C:\WINDOWS\SYSTEM32\CRYPTSP.dll
0x00007ff9b7490000 - 0x00007ff9b74c5000 	C:\WINDOWS\system32\rsaenh.dll
0x00007ff9b7aa0000 - 0x00007ff9b7ac8000 	C:\WINDOWS\SYSTEM32\USERENV.dll
0x00007ff9b7c20000 - 0x00007ff9b7c2c000 	C:\WINDOWS\SYSTEM32\CRYPTBASE.dll
0x00007ff984e00000 - 0x00007ff984e0e000 	C:\Program Files\Java\jdk-21\bin\sunmscapi.dll
0x00007ff9b8630000 - 0x00007ff9b8798000 	C:\WINDOWS\System32\CRYPT32.dll
0x00007ff9b7da0000 - 0x00007ff9b7dce000 	C:\WINDOWS\SYSTEM32\ncrypt.dll
0x00007ff9b7d60000 - 0x00007ff9b7d97000 	C:\WINDOWS\SYSTEM32\NTASN1.dll
0x00007ff984b90000 - 0x00007ff984b97000 	C:\Program Files\Java\jdk-21\bin\extnet.dll

dbghelp: loaded successfully - version: 4.0.5 - missing functions: none
symbol engine: initialized successfully - sym options: 0x614 - pdb path: .;C:\Program Files\Java\jdk-21\bin;C:\WINDOWS\SYSTEM32;C:\WINDOWS\WinSxS\amd64_microsoft.windows.common-controls_6595b64144ccf1df_6.0.22621.3527_none_270e469b73872a76;C:\Program Files\Java\jdk-21\bin\server

VM Arguments:
jvm_args: -Dstdout.encoding=UTF-8 -Dstderr.encoding=UTF-8 -XX:TieredStopAtLevel=1 
java_command: com.example.santhuongmai.SanthuongmaiApplication
java_class_path (initial): C:\Users\user\Desktop\2905\santhuongmai\santhuongmai\target\classes;C:\Users\user\.m2\repository\org\aspectj\aspectjweaver\1.9.7\aspectjweaver-1.9.7.jar;C:\Users\user\.m2\repository\com\zaxxer\HikariCP\4.0.3\HikariCP-4.0.3.jar;C:\Users\user\.m2\repository\org\springframework\spring-jdbc\5.3.30\spring-jdbc-5.3.30.jar;C:\Users\user\.m2\repository\jakarta\transaction\jakarta.transaction-api\1.3.3\jakarta.transaction-api-1.3.3.jar;C:\Users\user\.m2\repository\jakarta\persistence\jakarta.persistence-api\2.2.3\jakarta.persistence-api-2.2.3.jar;C:\Users\user\.m2\repository\org\hibernate\hibernate-core\5.6.15.Final\hibernate-core-5.6.15.Final.jar;C:\Users\user\.m2\repository\org\jboss\logging\jboss-logging\3.4.3.Final\jboss-logging-3.4.3.Final.jar;C:\Users\user\.m2\repository\net\bytebuddy\byte-buddy\1.12.23\byte-buddy-1.12.23.jar;C:\Users\user\.m2\repository\antlr\antlr\2.7.7\antlr-2.7.7.jar;C:\Users\user\.m2\repository\org\jboss\jandex\2.4.2.Final\jandex-2.4.2.Final.jar;C:\Users\user\.m2\repository\com\fasterxml\classmate\1.5.1\classmate-1.5.1.jar;C:\Users\user\.m2\repository\org\hibernate\common\hibernate-commons-annotations\5.1.2.Final\hibernate-commons-annotations-5.1.2.Final.jar;C:\Users\user\.m2\repository\org\glassfish\jaxb\jaxb-runtime\2.3.8\jaxb-runtime-2.3.8.jar;C:\Users\user\.m2\repository\org\glassfish\jaxb\txw2\2.3.8\txw2-2.3.8.jar;C:\Users\user\.m2\repository\com\sun\istack\istack-commons-runtime\3.0.12\istack-commons-runtime-3.0.12.jar;C:\Users\user\.m2\repository\org\springframework\data\spring-data-jpa\2.7.17\spring-data-jpa-2.7.17.jar;C:\Users\user\.m2\repository\org\springframework\data\spring-data-commons\2.7.17\spring-data-commons-2.7.17.jar;C:\Users\user\.m2\repository\org\springframework\spring-orm\5.3.30\spring-orm-5.3.30.jar;C:\Users\user\.m2\repository\org\springframework\spring-context\5.3.30\spring-context-5.3.30.jar;C:\Users\user\.m2\repository\org\springframework\spring-tx\5.3.30\spring-tx-5.3.30.jar;C:\Users\user\.m2\repository\org\springframework\spring-beans\5.3.30\spring-beans-5.3.30.jar;C:\Users\user\.m2\repository\org\slf4j\slf4j-api\1.7.36\slf4j-api-1.7.36.jar;C:\Users\user\.m2\repository\org\springframework\spring-aspects\5.3.30\spring-aspects-5.3.30.jar;C:\Users\user\.m2\repository\com\google\code\gson\gson\2.10.1\gson-2.10.1.jar;C:\Users\user\.m2\repository\ch\qos\logback\logback-classic\1.2.12\logback-classic-1.2.12.jar;C:\Users\user\.m2\repository\ch\qos\logback\logback-core\1.2.12\logback-core-1.2.12.jar;C:\Users\user\.m2\repository\org\apache\logging\log4j\log4j-to-slf4j\2.17.2\log4j-to-slf4j-2.17.2.jar;C:\Users\user\.m2\repository\org\slf4j\jul-to-slf4j\1.7.36\jul-to-slf4j-1.7.36.jar;C:\Users\user\.m2\repository\jakarta\annotation\jakarta.annotation-api\1.3.5\jakarta.annotation-api-1.3.5.jar;C:\Users\user\.m2\repository\org\yaml\snakeyaml\1.30\snakeyaml-1.30.jar;C:\Users\user\.m2\repository\com\fasterxml\jackson\datatype\jackson-datatype-jdk8\2.13.5\jackson-datatype-jdk8-2.13.5.jar;C:\Users\user\.m2\repository\com\fasterxml\jackson\datatype\jackson-datatype-jsr310\2.13.5\jackson-datatype-jsr310-2.13.5.jar;C:\Users\user\.m2\repository\com\fasterxml\jackson\module\jackson-module-parameter-names\2.13.5\jackson-module-parameter-names-2.13.5.jar;C:\Users\user\.m2\repository\org\apache\tomcat\embed\tomcat-embed-core\9.0.82\tomcat-embed-core-9.0.82.jar;C:\Users\user\.m2\repository\org\apache\tomcat\embed\tomcat-embed-websocket\9.0.82\tomcat-embed-websocket-9.0.82.jar;C:\Users\user\.m2\repository\org\springframework\spring-web\5.3.30\spring-web-5.3.30.jar;C:\Users\user\.m2\repository\org\springframework\spring-webmvc\5.3.30\spring-webmvc-5.3.30.jar;C:\Users\user\.m2\repository\org\springframework\spring-expression\5.3.30\spring-expression-5.3.30.jar;C:\Users\user\.m2\repository\org\springframework\boot\spring-boot-devtools\2.7.17\spring-boot-devtools-2.7.17.jar;C:\Users\user\.m2\repository\org\springframework\boot\spring-boot\2.7.17\spring-boot-2.7.17.jar;C:\Users\user\.m2\repository\org\springframework\boot\spring-boot-autoconfigure\2.7.17\spring-boot-autoconfigure-2.7.17.jar;C:\Users\user\.m2\repository\org\springframework\spring-context-support\5.3.30\spring-context-support-5.3.30.jar;C:\Users\user\.m2\repository\com\sun\mail\jakarta.mail\1.6.7\jakarta.mail-1.6.7.jar;C:\Users\user\.m2\repository\com\sun\activation\jakarta.activation\1.2.2\jakarta.activation-1.2.2.jar;C:\Users\user\.m2\repository\com\mysql\mysql-connector-j\8.0.33\mysql-connector-j-8.0.33.jar;C:\Users\user\.m2\repository\org\apache\tomcat\embed\tomcat-embed-el\9.0.82\tomcat-embed-el-9.0.82.jar;C:\Users\user\.m2\repository\org\hibernate\validator\hibernate-validator\6.2.5.Final\hibernate-validator-6.2.5.Final.jar;C:\Users\user\.m2\repository\jakarta\validation\jakarta.validation-api\2.0.2\jakarta.validation-api-2.0.2.jar;C:\Users\user\.m2\repository\org\springframework\spring-aop\5.3.30\spring-aop-5.3.30.jar;C:\Users\user\.m2\repository\org\springframework\security\spring-security-config\5.7.11\spring-security-config-5.7.11.jar;C:\Users\user\.m2\repository\org\springframework\security\spring-security-core\5.7.11\spring-security-core-5.7.11.jar;C:\Users\user\.m2\repository\org\springframework\security\spring-security-crypto\5.7.11\spring-security-crypto-5.7.11.jar;C:\Users\user\.m2\repository\org\springframework\security\spring-security-web\5.7.11\spring-security-web-5.7.11.jar;C:\Users\user\.m2\repository\io\jsonwebtoken\jjwt\0.9.1\jjwt-0.9.1.jar;C:\Users\user\.m2\repository\com\fasterxml\jackson\core\jackson-databind\2.13.5\jackson-databind-2.13.5.jar;C:\Users\user\.m2\repository\com\fasterxml\jackson\core\jackson-annotations\2.13.5\jackson-annotations-2.13.5.jar;C:\Users\user\.m2\repository\com\fasterxml\jackson\core\jackson-core\2.13.5\jackson-core-2.13.5.jar;C:\Users\user\.m2\repository\jakarta\xml\bind\jakarta.xml.bind-api\2.3.3\jakarta.xml.bind-api-2.3.3.jar;C:\Users\user\.m2\repository\jakarta\activation\jakarta.activation-api\1.2.2\jakarta.activation-api-1.2.2.jar;C:\Users\user\.m2\repository\org\springframework\spring-core\5.3.30\spring-core-5.3.30.jar;C:\Users\user\.m2\repository\org\springframework\spring-jcl\5.3.30\spring-jcl-5.3.30.jar;C:\Users\user\.m2\repository\org\apache\logging\log4j\log4j-api\2.14.1\log4j-api-2.14.1.jar;C:\Users\user\.m2\repository\org\apache\logging\log4j\log4j-core\2.14.1\log4j-core-2.14.1.jar;C:\Users\user\.m2\repository\org\apache\poi\poi\5.2.3\poi-5.2.3.jar;C:\Users\user\.m2\repository\commons-codec\commons-codec\1.15\commons-codec-1.15.jar;C:\Users\user\.m2\repository\org\apache\commons\commons-collections4\4.4\commons-collections4-4.4.jar;C:\Users\user\.m2\repository\org\apache\commons\commons-math3\3.6.1\commons-math3-3.6.1.jar;C:\Users\user\.m2\repository\commons-io\commons-io\2.11.0\commons-io-2.11.0.jar;C:\Users\user\.m2\repository\com\zaxxer\SparseBitSet\1.2\SparseBitSet-1.2.jar;C:\Users\user\.m2\repository\org\apache\poi\poi-ooxml\5.2.3\poi-ooxml-5.2.3.jar;C:\Users\user\.m2\repository\org\apache\poi\poi-ooxml-lite\5.2.3\poi-ooxml-lite-5.2.3.jar;C:\Users\user\.m2\repository\org\apache\xmlbeans\xmlbeans\5.1.1\xmlbeans-5.1.1.jar;C:\Users\user\.m2\repository\org\apache\commons\commons-compress\1.21\commons-compress-1.21.jar;C:\Users\user\.m2\repository\com\github\virtuald\curvesapi\1.07\curvesapi-1.07.jar;C:\Users\user\.m2\repository\org\springdoc\springdoc-openapi-ui\1.6.14\springdoc-openapi-ui-1.6.14.jar;C:\Users\user\.m2\repository\org\springdoc\springdoc-openapi-webmvc-core\1.6.14\springdoc-openapi-webmvc-core-1.6.14.jar;C:\Users\user\.m2\repository\org\springdoc\springdoc-openapi-common\1.6.14\springdoc-openapi-common-1.6.14.jar;C:\Users\user\.m2\repository\io\swagger\core\v3\swagger-core\2.2.7\swagger-core-2.2.7.jar;C:\Users\user\.m2\repository\org\apache\commons\commons-lang3\3.12.0\commons-lang3-3.12.0.jar;C:\Users\user\.m2\repository\com\fasterxml\jackson\dataformat\jackson-dataformat-yaml\2.13.5\jackson-dataformat-yaml-2.13.5.jar;C:\Users\user\.m2\repository\io\swagger\core\v3\swagger-annotations\2.2.7\swagger-annotations-2.2.7.jar;C:\Users\user\.m2\repository\io\swagger\core\v3\swagger-models\2.2.7\swagger-models-2.2.7.jar;C:\Users\user\.m2\repository\org\webjars\swagger-ui\4.15.5\swagger-ui-4.15.5.jar;C:\Users\user\.m2\repository\org\webjars\webjars-locator-core\0.50\webjars-locator-core-0.50.jar;C:\Users\user\.m2\repository\io\github\classgraph\classgraph\4.8.149\classgraph-4.8.149.jar;C:\Users\user\.m2\repository\jakarta\platform\jakarta.jakartaee-api\9.0.0\jakarta.jakartaee-api-9.0.0.jar
Launcher Type: SUN_STANDARD

[Global flags]
     intx CICompilerCount                          = 4                                         {product} {ergonomic}
     uint ConcGCThreads                            = 2                                         {product} {ergonomic}
     uint G1ConcRefinementThreads                  = 8                                         {product} {ergonomic}
   size_t G1HeapRegionSize                         = 2097152                                   {product} {ergonomic}
    uintx GCDrainStackTargetSize                   = 64                                        {product} {ergonomic}
   size_t InitialHeapSize                          = 201326592                                 {product} {ergonomic}
   size_t MarkStackSize                            = 4194304                                   {product} {ergonomic}
   size_t MaxHeapSize                              = 3189768192                                {product} {ergonomic}
   size_t MaxNewSize                               = 1912602624                                {product} {ergonomic}
   size_t MinHeapDeltaBytes                        = 2097152                                   {product} {ergonomic}
   size_t MinHeapSize                              = 8388608                                   {product} {ergonomic}
    uintx NonNMethodCodeHeapSize                   = 4096                                   {pd product} {ergonomic}
    uintx NonProfiledCodeHeapSize                  = 0                                      {pd product} {ergonomic}
     bool ProfileInterpreter                       = false                                  {pd product} {command line}
    uintx ProfiledCodeHeapSize                     = 0                                      {pd product} {ergonomic}
   size_t SoftMaxHeapSize                          = 3189768192                             {manageable} {ergonomic}
     intx TieredStopAtLevel                        = 1                                         {product} {command line}
     bool UseCompressedOops                        = true                           {product lp64_product} {ergonomic}
     bool UseG1GC                                  = true                                      {product} {ergonomic}
     bool UseLargePagesIndividualAllocation        = false                                  {pd product} {ergonomic}

Logging:
Log output configuration:
 #0: stdout all=warning uptime,level,tags foldmultilines=false
 #1: stderr all=off uptime,level,tags foldmultilines=false

Environment Variables:
JAVA_HOME=C:\Program Files\Java\jdk-21
JAVA_TOOL_OPTIONS=-Dstdout.encoding=UTF-8 -Dstderr.encoding=UTF-8
PATH=C:\Users\user\AppData\Roaming\Code\User\globalStorage\pleiades.java-extension-pack-jdk\gradle\latest\bin;C:\Users\user\AppData\Roaming\Code\User\globalStorage\pleiades.java-extension-pack-jdk\maven\latest\bin;C:\Program Files\Java\jdk-21\bin;C:\Program Files\Common Files\Oracle\Java\javapath;C:\Program Files (x86)\Common Files\Oracle\Java\javapath;C:\WINDOWS\system32;C:\WINDOWS;C:\WINDOWS\System32\Wbem;C:\WINDOWS\System32\WindowsPowerShell\v1.0\;C:\WINDOWS\System32\OpenSSH\;C:\Program Files\Microsoft SQL Server\150\Tools\Binn\;C:\Program Files\Microsoft SQL Server\Client SDK\ODBC\170\Tools\Binn\;C:\Program Files\dotnet\;C:\Program Files (x86)\Microsoft SQL Server\160\DTS\Binn\;C:\Program Files (x86)\Microsoft SQL Server\160\Tools\Binn\;C:\Program Files\Microsoft SQL Server\160\Tools\Binn\;C:\Program Files\Microsoft SQL Server\160\DTS\Binn\;C:\Program Files\nodejs\;C:\Program Files\Git\cmd;C:\Users\user\AppData\Local\Microsoft\WindowsApps;C:\Users\user\.dotnet\tools;C:\Users\user\AppData\Roaming\npm;C:\Users\user\AppData\Local\Programs\Microsoft VS Code\bin
USERNAME=user
LANG=en_US.UTF-8
OS=Windows_NT
PROCESSOR_IDENTIFIER=Intel64 Family 6 Model 142 Stepping 10, GenuineIntel
TMP=C:\Users\user\AppData\Local\Temp
TEMP=C:\Users\user\AppData\Local\Temp




Periodic native trim disabled

---------------  S Y S T E M  ---------------

OS:
 Windows 11 , 64 bit Build 22621 (10.0.22621.3527)
OS uptime: 1 days 11:32 hours

CPU: total 8 (initial active 8) (4 cores per cpu, 2 threads per core) family 6 model 142 stepping 10 microcode 0xe0, cx8, cmov, fxsr, ht, mmx, 3dnowpref, sse, sse2, sse3, ssse3, sse4.1, sse4.2, popcnt, lzcnt, tsc, tscinvbit, avx, avx2, aes, erms, clmul, bmi1, bmi2, adx, fma, vzeroupper, clflush, clflushopt, rdtscp, f16c
Processor Information for all 8 processors :
  Max Mhz: 1800, Current Mhz: 1600, Mhz Limit: 1584

Memory: 4k page, system-wide physical 12167M (541M free)
TotalPageFile size 32305M (AvailPageFile size 35M)
current process WorkingSet (physical memory assigned to process): 229M, peak: 229M
current process commit charge ("private bytes"): 272M, peak: 311M

vm_info: Java HotSpot(TM) 64-Bit Server VM (21.0.1+12-LTS-29) for windows-amd64 JRE (21.0.1+12-LTS-29), built on 2023-10-05T13:27:09Z by "mach5one" with MS VC++ 17.1 (VS2022)

END.
